<?xml version="1.0" encoding="UTF-8"?>
<testng-results total="2" passed="2" failed="0" skipped="0">
  <reporter-output>
  </reporter-output>
  <suite started-at="2020-05-29T07:01:25Z" name="Default suite" finished-at="2020-05-29T07:01:25Z" duration-ms="76">
    <groups>
    </groups>
    <test started-at="2020-05-29T07:01:25Z" name="Default test" finished-at="2020-05-29T07:01:25Z" duration-ms="76">
      <class name="com.testng.com.testng.NewTest">
        <test-method is-config="true" signature="beforeSuite()[pri:0, instance:com.testng.com.testng.NewTest@626abbd0]" started-at="2020-05-29T12:31:25Z" name="beforeSuite" finished-at="2020-05-29T12:31:25Z" duration-ms="11" status="PASS">
          <reporter-output>
          </reporter-output>
        </test-method> <!-- beforeSuite -->
        <test-method is-config="true" signature="beforeTest()[pri:0, instance:com.testng.com.testng.NewTest@626abbd0]" started-at="2020-05-29T12:31:25Z" name="beforeTest" finished-at="2020-05-29T12:31:25Z" duration-ms="0" status="PASS">
          <reporter-output>
          </reporter-output>
        </test-method> <!-- beforeTest -->
        <test-method is-config="true" signature="beforeClass()[pri:0, instance:com.testng.com.testng.NewTest@626abbd0]" started-at="2020-05-29T12:31:25Z" name="beforeClass" finished-at="2020-05-29T12:31:25Z" duration-ms="1" status="PASS">
          <reporter-output>
          </reporter-output>
        </test-method> <!-- beforeClass -->
        <test-method is-config="true" signature="beforeMethod()[pri:0, instance:com.testng.com.testng.NewTest@626abbd0]" started-at="2020-05-29T12:31:25Z" name="beforeMethod" finished-at="2020-05-29T12:31:25Z" duration-ms="0" status="PASS">
          <reporter-output>
          </reporter-output>
        </test-method> <!-- beforeMethod -->
        <test-method signature="f()[pri:0, instance:com.testng.com.testng.NewTest@626abbd0]" started-at="2020-05-29T12:31:25Z" name="f" finished-at="2020-05-29T12:31:25Z" duration-ms="8" status="PASS">
          <reporter-output>
          </reporter-output>
        </test-method> <!-- f -->
        <test-method is-config="true" signature="afterMethod()[pri:0, instance:com.testng.com.testng.NewTest@626abbd0]" started-at="2020-05-29T12:31:25Z" name="afterMethod" finished-at="2020-05-29T12:31:25Z" duration-ms="8" status="PASS">
          <reporter-output>
          </reporter-output>
        </test-method> <!-- afterMethod -->
        <test-method is-config="true" signature="beforeMethod()[pri:0, instance:com.testng.com.testng.NewTest@626abbd0]" started-at="2020-05-29T12:31:25Z" name="beforeMethod" finished-at="2020-05-29T12:31:25Z" duration-ms="1" status="PASS">
          <reporter-output>
          </reporter-output>
        </test-method> <!-- beforeMethod -->
        <test-method signature="f1()[pri:0, instance:com.testng.com.testng.NewTest@626abbd0]" started-at="2020-05-29T12:31:25Z" name="f1" finished-at="2020-05-29T12:31:25Z" duration-ms="4" status="PASS">
          <reporter-output>
          </reporter-output>
        </test-method> <!-- f1 -->
        <test-method is-config="true" signature="afterMethod()[pri:0, instance:com.testng.com.testng.NewTest@626abbd0]" started-at="2020-05-29T12:31:25Z" name="afterMethod" finished-at="2020-05-29T12:31:25Z" duration-ms="0" status="PASS">
          <reporter-output>
          </reporter-output>
        </test-method> <!-- afterMethod -->
        <test-method is-config="true" signature="afterClass()[pri:0, instance:com.testng.com.testng.NewTest@626abbd0]" started-at="2020-05-29T12:31:25Z" name="afterClass" finished-at="2020-05-29T12:31:25Z" duration-ms="0" status="PASS">
          <reporter-output>
          </reporter-output>
        </test-method> <!-- afterClass -->
        <test-method is-config="true" signature="afterTest()[pri:0, instance:com.testng.com.testng.NewTest@626abbd0]" started-at="2020-05-29T12:31:25Z" name="afterTest" finished-at="2020-05-29T12:31:25Z" duration-ms="6" status="PASS">
          <reporter-output>
          </reporter-output>
        </test-method> <!-- afterTest -->
        <test-method is-config="true" signature="afterSuite()[pri:0, instance:com.testng.com.testng.NewTest@626abbd0]" started-at="2020-05-29T12:31:30Z" name="afterSuite" finished-at="2020-05-29T12:31:30Z" duration-ms="1" status="PASS">
          <reporter-output>
          </reporter-output>
        </test-method> <!-- afterSuite -->
      </class> <!-- com.testng.com.testng.NewTest -->
    </test> <!-- Default test -->
  </suite> <!-- Default suite -->
</testng-results>
